<?xml version="1.0" encoding="UTF-8"?>
<!-- Generated by org.testng.reporters.JUnitReportReporter -->
<testsuite hostname="DESKTOP-RA6AFD8" failures="0" tests="1" name="Built_B01.Login_page" time="0.003" errors="0" timestamp="2025-02-09T23:36:03 IST" skipped="0">
  <testcase classname="Built_B01.Login_page" name="login" time="0.003"/>
  <system-out/>
</testsuite> <!-- Built_B01.Login_page -->
