<?xml version="1.0" encoding="UTF-8"?>
<!-- Generated by org.testng.reporters.JUnitReportReporter -->
<testsuite hostname="DESKTOP-RA6AFD8" failures="0" tests="1" name="tests.Before_After" time="0.012" errors="0" timestamp="2025-02-06T07:05:04 IST" skipped="0">
  <testcase classname="tests.Before_After" name="core" time="0.012"/>
</testsuite> <!-- tests.Before_After -->
