<?xml version="1.0" encoding="UTF-8"?>
<!-- Generated by org.testng.reporters.JUnitReportReporter -->
<testsuite hostname="DESKTOP-RA6AFD8" failures="0" tests="3" name="tests.Data_provide_class" time="0.020" errors="0" timestamp="2025-02-10T06:09:58 IST" skipped="0">
  <testcase classname="tests.Data_provide_class" name="userData" time="0.002"/>
  <system-out/>
  <testcase classname="tests.Data_provide_class" name="userData" time="0.015"/>
  <system-out/>
  <testcase classname="tests.Data_provide_class" name="userData" time="0.003"/>
  <system-out/>
</testsuite> <!-- tests.Data_provide_class -->
