<?xml version="1.0" encoding="UTF-8"?>
<!-- Generated by org.testng.reporters.JUnitReportReporter -->
<testsuite hostname="DESKTOP-RA6AFD8" failures="0" tests="1" name="Built_B01.Signup_pagge" time="0.012" errors="0" timestamp="2025-02-09T23:29:29 IST" skipped="0">
  <testcase classname="Built_B01.Signup_pagge" name="signin" time="0.012"/>
  <system-out/>
</testsuite> <!-- Built_B01.Signup_pagge -->
