<?xml version="1.0" encoding="UTF-8"?>
<!-- Generated by org.testng.reporters.JUnitReportReporter -->
<testsuite hostname="DESKTOP-RA6AFD8" failures="0" tests="2" name="tests.Build_boolean" time="0.021" errors="0" timestamp="2025-02-06T07:16:29 IST" skipped="0">
  <testcase classname="tests.Build_boolean" name="signup" time="0.017"/>
  <testcase classname="tests.Build_boolean" name="login_test" time="0.004">
    <system-out>
      <![CDATA[this is my non static maethod]]>
    </system-out>
  </testcase> <!-- login_test -->
  <system-out>
    <![CDATA[this is my non static maethod]]>
  </system-out>
</testsuite> <!-- tests.Build_boolean -->
