<?xml version="1.0" encoding="UTF-8"?>
<!-- Generated by org.testng.reporters.JUnitReportReporter -->
<testsuite hostname="DESKTOP-RA6AFD8" failures="0" tests="6" name="tests.Module_03_Assignment_1" time="29.178" errors="0" timestamp="2025-02-06T12:07:26 IST" skipped="0">
  <testcase classname="tests.Module_03_Assignment_1" name="loginTest" time="4.331"/>
  <testcase classname="tests.Module_03_Assignment_1" name="loginTest" time="5.027"/>
  <testcase classname="tests.Module_03_Assignment_1" name="loginTest" time="4.382"/>
  <testcase classname="tests.Module_03_Assignment_1" name="loginTest" time="4.835"/>
  <testcase classname="tests.Module_03_Assignment_1" name="loginTest" time="4.981"/>
  <testcase classname="tests.Module_03_Assignment_1" name="loginTest" time="5.622"/>
</testsuite> <!-- tests.Module_03_Assignment_1 -->
