<?xml version="1.0" encoding="UTF-8"?>
<!-- Generated by org.testng.reporters.JUnitReportReporter -->
<testsuite hostname="DESKTOP-RA6AFD8" failures="0" tests="1" name="assertion_concepts.Assertion_" time="19.067" errors="0" timestamp="2025-02-11T14:05:51 IST" skipped="0">
  <testcase classname="assertion_concepts.Assertion_" name="hardAssert" time="19.067"/>
  <system-out/>
</testsuite> <!-- assertion_concepts.Assertion_ -->
