<?xml version="1.0" encoding="UTF-8"?>
<!-- Generated by org.testng.reporters.JUnitReportReporter -->
<testsuite hostname="DESKTOP-RA6AFD8" failures="0" tests="1" name="news_package.Build_B01_LoginStory" time="27.532" errors="0" timestamp="2025-02-06T08:35:14 IST" skipped="0">
  <testcase classname="news_package.Build_B01_LoginStory" name="login_test" time="27.532"/>
  <system-out/>
</testsuite> <!-- news_package.Build_B01_LoginStory -->
