<?xml version="1.0" encoding="UTF-8"?>
<!-- Generated by org.testng.reporters.JUnitReportReporter -->
<testsuite hostname="DESKTOP-RA6AFD8" failures="0" tests="19" name="syncronization.Module_4_Assignment_01" time="103.404" errors="0" timestamp="2025-02-06T14:23:40 IST" skipped="0">
  <testcase classname="syncronization.Module_4_Assignment_01" name="loginTest" time="4.841"/>
  <system-out/>
  <testcase classname="syncronization.Module_4_Assignment_01" name="loginTest" time="5.154"/>
  <system-out/>
  <testcase classname="syncronization.Module_4_Assignment_01" name="loginTest" time="5.349"/>
  <system-out/>
  <testcase classname="syncronization.Module_4_Assignment_01" name="loginTest" time="6.034"/>
  <system-out/>
  <testcase classname="syncronization.Module_4_Assignment_01" name="loginTest" time="5.168"/>
  <system-out/>
  <testcase classname="syncronization.Module_4_Assignment_01" name="loginTest" time="5.548"/>
  <system-out/>
  <testcase classname="syncronization.Module_4_Assignment_01" name="loginTest" time="5.867"/>
  <system-out/>
  <testcase classname="syncronization.Module_4_Assignment_01" name="loginTest" time="4.972"/>
  <system-out/>
  <testcase classname="syncronization.Module_4_Assignment_01" name="loginTest" time="6.188"/>
  <system-out/>
  <testcase classname="syncronization.Module_4_Assignment_01" name="loginTest" time="5.217"/>
  <system-out/>
  <testcase classname="syncronization.Module_4_Assignment_01" name="loginTest" time="5.434"/>
  <system-out/>
  <testcase classname="syncronization.Module_4_Assignment_01" name="loginTest" time="5.531"/>
  <system-out/>
  <testcase classname="syncronization.Module_4_Assignment_01" name="loginTest" time="6.037"/>
  <system-out/>
  <testcase classname="syncronization.Module_4_Assignment_01" name="loginTest" time="4.830"/>
  <system-out/>
  <testcase classname="syncronization.Module_4_Assignment_01" name="loginTest" time="5.118"/>
  <system-out/>
  <testcase classname="syncronization.Module_4_Assignment_01" name="loginTest" time="5.017"/>
  <system-out/>
  <testcase classname="syncronization.Module_4_Assignment_01" name="loginTest" time="5.624"/>
  <system-out/>
  <testcase classname="syncronization.Module_4_Assignment_01" name="loginTest" time="6.341"/>
  <system-out/>
  <testcase classname="syncronization.Module_4_Assignment_01" name="loginTest" time="5.134"/>
  <system-out/>
</testsuite> <!-- syncronization.Module_4_Assignment_01 -->
